model_type=transformer num_parameters=6402075
epoch=001 train_loss=2.7190 train_factor_acc=0.1319 val_loss=0.9499 val_factor_acc=0.6755 lr=2.00e-04 eval_model=raw
epoch=002 train_loss=0.5842 train_factor_acc=0.8086 val_loss=0.4016 val_factor_acc=0.8757 lr=3.00e-04 eval_model=raw
epoch=003 train_loss=0.3668 train_factor_acc=0.8888 val_loss=0.3230 val_factor_acc=0.9022 lr=2.98e-04 eval_model=raw
epoch=004 train_loss=0.3121 train_factor_acc=0.9054 val_loss=0.2689 val_factor_acc=0.9146 lr=2.94e-04 eval_model=raw
epoch=005 train_loss=0.2851 train_factor_acc=0.9129 val_loss=0.2672 val_factor_acc=0.9171 lr=2.89e-04 eval_model=raw
epoch=006 train_loss=0.2708 train_factor_acc=0.9178 val_loss=0.2557 val_factor_acc=0.9236 lr=2.82e-04 eval_model=raw
epoch=007 train_loss=0.2570 train_factor_acc=0.9237 val_loss=0.2472 val_factor_acc=0.9256 lr=2.73e-04 eval_model=raw
epoch=008 train_loss=0.2490 train_factor_acc=0.9267 val_loss=0.2406 val_factor_acc=0.9284 lr=2.63e-04 eval_model=raw
epoch=009 train_loss=0.2414 train_factor_acc=0.9293 val_loss=0.2365 val_factor_acc=0.9304 lr=2.52e-04 eval_model=raw
epoch=010 train_loss=0.2346 train_factor_acc=0.9313 val_loss=0.2300 val_factor_acc=0.9307 lr=2.39e-04 eval_model=raw
epoch=011 train_loss=0.2304 train_factor_acc=0.9331 val_loss=0.2300 val_factor_acc=0.9333 lr=2.25e-04 eval_model=raw
epoch=012 train_loss=0.2243 train_factor_acc=0.9353 val_loss=0.2250 val_factor_acc=0.9344 lr=2.10e-04 eval_model=raw
epoch=013 train_loss=0.2196 train_factor_acc=0.9366 val_loss=0.2223 val_factor_acc=0.9345 lr=1.95e-04 eval_model=raw
epoch=014 train_loss=0.2134 train_factor_acc=0.9386 val_loss=0.2265 val_factor_acc=0.9338 lr=1.79e-04 eval_model=raw
epoch=015 train_loss=0.2090 train_factor_acc=0.9402 val_loss=0.2212 val_factor_acc=0.9351 lr=1.62e-04 eval_model=raw
epoch=016 train_loss=0.2030 train_factor_acc=0.9419 val_loss=0.2179 val_factor_acc=0.9388 lr=1.46e-04 eval_model=raw
epoch=017 train_loss=0.1970 train_factor_acc=0.9442 val_loss=0.2190 val_factor_acc=0.9383 lr=1.29e-04 eval_model=raw
epoch=018 train_loss=0.1909 train_factor_acc=0.9457 val_loss=0.2202 val_factor_acc=0.9372 lr=1.13e-04 eval_model=raw
epoch=019 train_loss=0.1850 train_factor_acc=0.9478 val_loss=0.2178 val_factor_acc=0.9380 lr=9.74e-05 eval_model=raw
epoch=020 train_loss=0.1780 train_factor_acc=0.9503 val_loss=0.2212 val_factor_acc=0.9373 lr=8.23e-05 eval_model=raw
epoch=021 train_loss=0.1724 train_factor_acc=0.9522 val_loss=0.2246 val_factor_acc=0.9369 lr=6.80e-05 eval_model=raw
epoch=022 train_loss=0.1650 train_factor_acc=0.9543 val_loss=0.2269 val_factor_acc=0.9355 lr=5.46e-05 eval_model=raw
epoch=023 train_loss=0.1593 train_factor_acc=0.9566 val_loss=0.2280 val_factor_acc=0.9365 lr=4.25e-05 eval_model=raw
epoch=024 train_loss=0.1538 train_factor_acc=0.9585 val_loss=0.2282 val_factor_acc=0.9364 lr=3.16e-05 eval_model=raw
epoch=025 train_loss=0.1489 train_factor_acc=0.9600 val_loss=0.2310 val_factor_acc=0.9371 lr=2.22e-05 eval_model=raw
epoch=026 train_loss=0.1456 train_factor_acc=0.9612 val_loss=0.2327 val_factor_acc=0.9355 lr=1.43e-05 eval_model=raw
epoch=027 train_loss=0.1424 train_factor_acc=0.9626 val_loss=0.2338 val_factor_acc=0.9355 lr=8.13e-06 eval_model=raw
epoch=028 train_loss=0.1394 train_factor_acc=0.9639 val_loss=0.2349 val_factor_acc=0.9354 lr=3.63e-06 eval_model=raw
epoch=029 train_loss=0.1383 train_factor_acc=0.9641 val_loss=0.2347 val_factor_acc=0.9355 lr=9.10e-07 eval_model=raw
epoch=030 train_loss=0.1388 train_factor_acc=0.9634 val_loss=0.2347 val_factor_acc=0.9355 lr=0.00e+00 eval_model=raw
best_val_loss=0.2178
best_val_factor_acc=0.9388
best_loss_checkpoint=/nfs/roberts/project/pi_com36/com36/burau-experiments/braidmod/artifacts/garside_transformer_tuned_factoronly_base_noema_L30to60_p5_D140_N200000_e30/best_loss_model.pt
best_metric_checkpoint=/nfs/roberts/project/pi_com36/com36/burau-experiments/braidmod/artifacts/garside_transformer_tuned_factoronly_base_noema_L30to60_p5_D140_N200000_e30/best_metric_model.pt
best_checkpoint=/nfs/roberts/project/pi_com36/com36/burau-experiments/braidmod/artifacts/garside_transformer_tuned_factoronly_base_noema_L30to60_p5_D140_N200000_e30/best_model.pt
